0 verbose cli C:\Program Files\nodejs\node.exe C:\Program Files\nodejs\node_modules\npm\bin\npm-cli.js
1 info using npm@11.12.1
2 info using node@v24.15.0
3 silly config load:file:C:\Program Files\nodejs\node_modules\npm\npmrc
4 silly config load:file:C:\Users\Cliente\Desktop\nba-draft-portal\.npmrc
5 silly config load:file:C:\Users\Cliente\.npmrc
6 silly config load:file:C:\Users\Cliente\AppData\Roaming\npm\etc\npmrc
7 verbose title npm install @babel/plugin-transform-react-jsx
8 verbose argv "install" "@babel/plugin-transform-react-jsx" "--cache" ".\\.npm-cache"
9 verbose logfile logs-max:10 dir:C:\Users\Cliente\Desktop\nba-draft-portal\.npm-cache\_logs\2026-04-28T01_17_10_095Z-
10 verbose logfile C:\Users\Cliente\Desktop\nba-draft-portal\.npm-cache\_logs\2026-04-28T01_17_10_095Z-debug-0.log
11 silly logfile done cleaning log files
12 silly packumentCache heap:4496293888 maxSize:1124073472 maxEntrySize:562036736
13 silly idealTree buildDeps
14 silly fetch manifest @babel/plugin-transform-react-jsx@*
15 silly packumentCache full:https://registry.npmjs.org/@babel%2fplugin-transform-react-jsx cache-miss
16 http fetch GET 200 https://registry.npmjs.org/@babel%2fplugin-transform-react-jsx 193ms (cache miss)
17 silly packumentCache full:https://registry.npmjs.org/@babel%2fplugin-transform-react-jsx set size:undefined disposed:false
18 silly fetch manifest @babel/core@^7.0.0-0
19 silly packumentCache full:https://registry.npmjs.org/@babel%2fcore cache-miss
20 http fetch GET 200 https://registry.npmjs.org/@babel%2fcore 88ms (cache miss)
21 silly packumentCache full:https://registry.npmjs.org/@babel%2fcore set size:undefined disposed:false
22 silly placeDep ROOT @babel/plugin-transform-react-jsx@7.28.6 OK for: nba-draft-portal@0.1.0 want: *
23 silly fetch manifest @babel/plugin-syntax-jsx@^7.28.6
24 silly packumentCache full:https://registry.npmjs.org/@babel%2fplugin-syntax-jsx cache-miss
25 silly fetch manifest @babel/helper-annotate-as-pure@^7.27.3
26 silly packumentCache full:https://registry.npmjs.org/@babel%2fhelper-annotate-as-pure cache-miss
27 http fetch GET 200 https://registry.npmjs.org/@babel%2fplugin-syntax-jsx 59ms (cache miss)
28 silly packumentCache full:https://registry.npmjs.org/@babel%2fplugin-syntax-jsx set size:undefined disposed:false
29 http fetch GET 200 https://registry.npmjs.org/@babel%2fhelper-annotate-as-pure 137ms (cache miss)
30 silly packumentCache full:https://registry.npmjs.org/@babel%2fhelper-annotate-as-pure set size:undefined disposed:false
31 silly placeDep ROOT @babel/helper-annotate-as-pure@7.27.3 OK for: @babel/plugin-transform-react-jsx@7.28.6 want: ^7.27.3
32 silly placeDep ROOT @babel/plugin-syntax-jsx@7.28.6 OK for: @babel/plugin-transform-react-jsx@7.28.6 want: ^7.28.6
33 silly reify moves {}
34 silly audit bulk request {
34 silly audit   '@alloc/quick-lru': [ '5.2.0' ],
34 silly audit   '@babel/code-frame': [ '7.29.0' ],
34 silly audit   '@babel/compat-data': [ '7.29.0' ],
34 silly audit   '@babel/core': [ '7.29.0' ],
34 silly audit   '@babel/generator': [ '7.29.1' ],
34 silly audit   '@babel/helper-compilation-targets': [ '7.28.6' ],
34 silly audit   '@babel/helper-globals': [ '7.28.0' ],
34 silly audit   '@babel/helper-module-imports': [ '7.28.6' ],
34 silly audit   '@babel/helper-module-transforms': [ '7.28.6' ],
34 silly audit   '@babel/helper-plugin-utils': [ '7.28.6' ],
34 silly audit   '@babel/helper-string-parser': [ '7.27.1' ],
34 silly audit   '@babel/helper-validator-identifier': [ '7.28.5' ],
34 silly audit   '@babel/helper-validator-option': [ '7.27.1' ],
34 silly audit   '@babel/helpers': [ '7.29.2' ],
34 silly audit   '@babel/parser': [ '7.29.2' ],
34 silly audit   '@babel/plugin-transform-react-jsx-self': [ '7.27.1' ],
34 silly audit   '@babel/plugin-transform-react-jsx-source': [ '7.27.1' ],
34 silly audit   '@babel/runtime': [ '7.29.2' ],
34 silly audit   '@babel/template': [ '7.28.6' ],
34 silly audit   '@babel/traverse': [ '7.29.0' ],
34 silly audit   '@babel/types': [ '7.29.0' ],
34 silly audit   '@dnd-kit/accessibility': [ '3.1.1' ],
34 silly audit   '@dnd-kit/core': [ '6.3.1' ],
34 silly audit   '@dnd-kit/sortable': [ '10.0.0' ],
34 silly audit   '@dnd-kit/utilities': [ '3.2.2' ],
34 silly audit   '@esbuild/aix-ppc64': [ '0.25.12' ],
34 silly audit   '@esbuild/android-arm': [ '0.25.12' ],
34 silly audit   '@esbuild/android-arm64': [ '0.25.12' ],
34 silly audit   '@esbuild/android-x64': [ '0.25.12' ],
34 silly audit   '@esbuild/darwin-arm64': [ '0.25.12' ],
34 silly audit   '@esbuild/darwin-x64': [ '0.25.12' ],
34 silly audit   '@esbuild/freebsd-arm64': [ '0.25.12' ],
34 silly audit   '@esbuild/freebsd-x64': [ '0.25.12' ],
34 silly audit   '@esbuild/linux-arm': [ '0.25.12' ],
34 silly audit   '@esbuild/linux-arm64': [ '0.25.12' ],
34 silly audit   '@esbuild/linux-ia32': [ '0.25.12' ],
34 silly audit   '@esbuild/linux-loong64': [ '0.25.12' ],
34 silly audit   '@esbuild/linux-mips64el': [ '0.25.12' ],
34 silly audit   '@esbuild/linux-ppc64': [ '0.25.12' ],
34 silly audit   '@esbuild/linux-riscv64': [ '0.25.12' ],
34 silly audit   '@esbuild/linux-s390x': [ '0.25.12' ],
34 silly audit   '@esbuild/linux-x64': [ '0.25.12' ],
34 silly audit   '@esbuild/netbsd-arm64': [ '0.25.12' ],
34 silly audit   '@esbuild/netbsd-x64': [ '0.25.12' ],
34 silly audit   '@esbuild/openbsd-arm64': [ '0.25.12' ],
34 silly audit   '@esbuild/openbsd-x64': [ '0.25.12' ],
34 silly audit   '@esbuild/openharmony-arm64': [ '0.25.12' ],
34 silly audit   '@esbuild/sunos-x64': [ '0.25.12' ],
34 silly audit   '@esbuild/win32-arm64': [ '0.25.12' ],
34 silly audit   '@esbuild/win32-ia32': [ '0.25.12' ],
34 silly audit   '@esbuild/win32-x64': [ '0.25.12' ],
34 silly audit   '@jridgewell/gen-mapping': [ '0.3.13' ],
34 silly audit   '@jridgewell/remapping': [ '2.3.5' ],
34 silly audit   '@jridgewell/resolve-uri': [ '3.1.2' ],
34 silly audit   '@jridgewell/sourcemap-codec': [ '1.5.5' ],
34 silly audit   '@jridgewell/trace-mapping': [ '0.3.31' ],
34 silly audit   '@nodelib/fs.scandir': [ '2.1.5' ],
34 silly audit   '@nodelib/fs.stat': [ '2.0.5' ],
34 silly audit   '@nodelib/fs.walk': [ '1.2.8' ],
34 silly audit   '@rolldown/pluginutils': [ '1.0.0-beta.27' ],
34 silly audit   '@rollup/rollup-android-arm-eabi': [ '4.60.2' ],
34 silly audit   '@rollup/rollup-android-arm64': [ '4.60.2' ],
34 silly audit   '@rollup/rollup-darwin-arm64': [ '4.60.2' ],
34 silly audit   '@rollup/rollup-darwin-x64': [ '4.60.2' ],
34 silly audit   '@rollup/rollup-freebsd-arm64': [ '4.60.2' ],
34 silly audit   '@rollup/rollup-freebsd-x64': [ '4.60.2' ],
34 silly audit   '@rollup/rollup-linux-arm-gnueabihf': [ '4.60.2' ],
34 silly audit   '@rollup/rollup-linux-arm-musleabihf': [ '4.60.2' ],
34 silly audit   '@rollup/rollup-linux-arm64-gnu': [ '4.60.2' ],
34 silly audit   '@rollup/rollup-linux-arm64-musl': [ '4.60.2' ],
34 silly audit   '@rollup/rollup-linux-loong64-gnu': [ '4.60.2' ],
34 silly audit   '@rollup/rollup-linux-loong64-musl': [ '4.60.2' ],
34 silly audit   '@rollup/rollup-linux-ppc64-gnu': [ '4.60.2' ],
34 silly audit   '@rollup/rollup-linux-ppc64-musl': [ '4.60.2' ],
34 silly audit   '@rollup/rollup-linux-riscv64-gnu': [ '4.60.2' ],
34 silly audit   '@rollup/rollup-linux-riscv64-musl': [ '4.60.2' ],
34 silly audit   '@rollup/rollup-linux-s390x-gnu': [ '4.60.2' ],
34 silly audit   '@rollup/rollup-linux-x64-gnu': [ '4.60.2' ],
34 silly audit   '@rollup/rollup-linux-x64-musl': [ '4.60.2' ],
34 silly audit   '@rollup/rollup-openbsd-x64': [ '4.60.2' ],
34 silly audit   '@rollup/rollup-openharmony-arm64': [ '4.60.2' ],
34 silly audit   '@rollup/rollup-win32-arm64-msvc': [ '4.60.2' ],
34 silly audit   '@rollup/rollup-win32-ia32-msvc': [ '4.60.2' ],
34 silly audit   '@rollup/rollup-win32-x64-gnu': [ '4.60.2' ],
34 silly audit   '@rollup/rollup-win32-x64-msvc': [ '4.60.2' ],
34 silly audit   '@types/babel__core': [ '7.20.5' ],
34 silly audit   '@types/babel__generator': [ '7.27.0' ],
34 silly audit   '@types/babel__template': [ '7.4.4' ],
34 silly audit   '@types/babel__traverse': [ '7.28.0' ],
34 silly audit   '@types/d3-array': [ '3.2.2' ],
34 silly audit   '@types/d3-color': [ '3.1.3' ],
34 silly audit   '@types/d3-ease': [ '3.0.2' ],
34 silly audit   '@types/d3-interpolate': [ '3.0.4' ],
34 silly audit   '@types/d3-path': [ '3.1.1' ],
34 silly audit   '@types/d3-scale': [ '4.0.9' ],
34 silly audit   '@types/d3-shape': [ '3.1.8' ],
34 silly audit   '@types/d3-time': [ '3.0.4' ],
34 silly audit   '@types/d3-timer': [ '3.0.2' ],
34 silly audit   '@types/estree': [ '1.0.8' ],
34 silly audit   '@vitejs/plugin-react': [ '4.7.0' ],
34 silly audit   'any-promise': [ '1.3.0' ],
34 silly audit   anymatch: [ '3.1.3' ],
34 silly audit   arg: [ '5.0.2' ],
34 silly audit   'array-union': [ '2.1.0' ],
34 silly audit   async: [ '3.2.6' ],
34 silly audit   autoprefixer: [ '10.5.0' ],
34 silly audit   'baseline-browser-mapping': [ '2.10.23' ],
34 silly audit   'binary-extensions': [ '2.3.0' ],
34 silly audit   braces: [ '3.0.3' ],
34 silly audit   browserslist: [ '4.28.2' ],
34 silly audit   'camelcase-css': [ '2.0.1' ],
34 silly audit   'caniuse-lite': [ '1.0.30001791' ],
34 silly audit   chokidar: [ '3.6.0' ],
34 silly audit   clsx: [ '2.1.1' ],
34 silly audit   commander: [ '13.1.0', '4.1.1' ],
34 silly audit   commondir: [ '1.0.1' ],
34 silly audit   'convert-source-map': [ '2.0.0' ],
34 silly audit   cssesc: [ '3.0.0' ],
34 silly audit   csstype: [ '3.2.3' ],
34 silly audit   'd3-array': [ '3.2.4' ],
34 silly audit   'd3-color': [ '3.1.0' ],
34 silly audit   'd3-ease': [ '3.0.1' ],
34 silly audit   'd3-format': [ '3.1.2' ],
34 silly audit   'd3-interpolate': [ '3.0.1' ],
34 silly audit   'd3-path': [ '3.1.0' ],
34 silly audit   'd3-scale': [ '4.0.2' ],
34 silly audit   'd3-shape': [ '3.2.0' ],
34 silly audit   'd3-time': [ '3.1.0' ],
34 silly audit   'd3-time-format': [ '4.1.0' ],
34 silly audit   'd3-timer': [ '3.0.1' ],
34 silly audit   debug: [ '4.4.3' ],
34 silly audit   'decimal.js-light': [ '2.5.1' ],
34 silly audit   didyoumean: [ '1.2.2' ],
34 silly audit   'dir-glob': [ '3.0.1' ],
34 silly audit   dlv: [ '1.1.3' ],
34 silly audit   'dom-helpers': [ '5.2.1' ],
34 silly audit   'electron-to-chromium': [ '1.5.344' ],
34 silly audit   'email-addresses': [ '5.0.0' ],
34 silly audit   'es-errors': [ '1.3.0' ],
34 silly audit   esbuild: [ '0.25.12' ],
34 silly audit   escalade: [ '3.2.0' ],
34 silly audit   'escape-string-regexp': [ '1.0.5' ],
34 silly audit   eventemitter3: [ '4.0.7' ],
34 silly audit   'fast-equals': [ '5.4.0' ],
34 silly audit   'fast-glob': [ '3.3.3' ],
34 silly audit   fastq: [ '1.20.1' ],
34 silly audit   'filename-reserved-regex': [ '2.0.0' ],
34 silly audit   filenamify: [ '4.3.0' ],
34 silly audit   'fill-range': [ '7.1.1' ],
34 silly audit   'find-cache-dir': [ '3.3.2' ],
34 silly audit   'find-up': [ '4.1.0' ],
34 silly audit   'fraction.js': [ '5.3.4' ],
34 silly audit   'framer-motion': [ '12.38.0' ],
34 silly audit   'fs-extra': [ '11.3.4' ],
34 silly audit   fsevents: [ '2.3.3' ],
34 silly audit   'function-bind': [ '1.1.2' ],
34 silly audit   gensync: [ '1.0.0-beta.2' ],
34 silly audit   'gh-pages': [ '6.3.0' ],
34 silly audit   'glob-parent': [ '5.1.2', '6.0.2' ],
34 silly audit   globby: [ '11.1.0' ],
34 silly audit   'graceful-fs': [ '4.2.11' ],
34 silly audit   hasown: [ '2.0.3' ],
34 silly audit   ignore: [ '5.3.2' ],
34 silly audit   internmap: [ '2.0.3' ],
34 silly audit   'is-binary-path': [ '2.1.0' ],
34 silly audit   'is-core-module': [ '2.16.1' ],
34 silly audit   'is-extglob': [ '2.1.1' ],
34 silly audit   'is-glob': [ '4.0.3' ],
34 silly audit   'is-number': [ '7.0.0' ],
34 silly audit   jiti: [ '1.21.7' ],
34 silly audit   'js-tokens': [ '4.0.0' ],
34 silly audit   jsesc: [ '3.1.0' ],
34 silly audit   json5: [ '2.2.3' ],
34 silly audit   jsonfile: [ '6.2.1' ],
34 silly audit   lilconfig: [ '3.1.3' ],
34 silly audit   'lines-and-columns': [ '1.2.4' ],
34 silly audit   'locate-path': [ '5.0.0' ],
34 silly audit   lodash: [ '4.18.1' ],
34 silly audit   'loose-envify': [ '1.4.0' ],
34 silly audit   'lru-cache': [ '5.1.1' ],
34 silly audit   'lucide-react': [ '1.11.0' ],
34 silly audit   'make-dir': [ '3.1.0' ],
34 silly audit   merge2: [ '1.4.1' ],
34 silly audit   micromatch: [ '4.0.8' ],
34 silly audit   'motion-dom': [ '12.38.0' ],
34 silly audit   'motion-utils': [ '12.36.0' ],
34 silly audit   ms: [ '2.1.3' ],
34 silly audit   mz: [ '2.7.0' ],
34 silly audit   nanoid: [ '3.3.11' ],
34 silly audit   'node-releases': [ '2.0.38' ],
34 silly audit   'normalize-path': [ '3.0.0' ],
34 silly audit   'object-assign': [ '4.1.1' ],
34 silly audit   'object-hash': [ '3.0.0' ],
34 silly audit   'p-limit': [ '2.3.0' ],
34 silly audit   'p-locate': [ '4.1.0' ],
34 silly audit   'p-try': [ '2.2.0' ],
34 silly audit   'path-exists': [ '4.0.0' ],
34 silly audit   'path-parse': [ '1.0.7' ],
34 silly audit   'path-type': [ '4.0.0' ],
34 silly audit   picocolors: [ '1.1.1' ],
34 silly audit   picomatch: [ '2.3.2', '4.0.4' ],
34 silly audit   pify: [ '2.3.0' ],
34 silly audit   pirates: [ '4.0.7' ],
34 silly audit   'pkg-dir': [ '4.2.0' ],
34 silly audit   postcss: [ '8.5.12' ],
34 silly audit   'postcss-import': [ '15.1.0' ],
34 silly audit   'postcss-js': [ '4.1.0' ],
34 silly audit   'postcss-load-config': [ '6.0.1' ],
34 silly audit   'postcss-nested': [ '6.2.0' ],
34 silly audit   'postcss-selector-parser': [ '6.1.2' ],
34 silly audit   'postcss-value-parser': [ '4.2.0' ],
34 silly audit   'prop-types': [ '15.8.1' ],
34 silly audit   'react-is': [ '16.13.1', '18.3.1' ],
34 silly audit   'queue-microtask': [ '1.2.3' ],
34 silly audit   react: [ '18.3.1' ],
34 silly audit   'react-dom': [ '18.3.1' ],
34 silly audit   'react-refresh': [ '0.17.0' ],
34 silly audit   'react-smooth': [ '4.0.4' ],
34 silly audit   'react-transition-group': [ '4.4.5' ],
34 silly audit   'read-cache': [ '1.0.0' ],
34 silly audit   readdirp: [ '3.6.0' ],
34 silly audit   recharts: [ '2.15.4' ],
34 silly audit   'recharts-scale': [ '0.4.5' ],
34 silly audit   resolve: [ '1.22.12' ],
34 silly audit   reusify: [ '1.1.0' ],
34 silly audit   rollup: [ '4.60.2' ],
34 silly audit   'run-parallel': [ '1.2.0' ],
34 silly audit   scheduler: [ '0.23.2' ],
34 silly audit   semver: [ '6.3.1' ],
34 silly audit   slash: [ '3.0.0' ],
34 silly audit   'source-map-js': [ '1.2.1' ],
34 silly audit   'strip-outer': [ '1.0.1' ],
34 silly audit   sucrase: [ '3.35.1' ],
34 silly audit   'supports-preserve-symlinks-flag': [ '1.0.0' ],
34 silly audit   tailwindcss: [ '3.4.19' ],
34 silly audit   thenify: [ '3.3.1' ],
34 silly audit   'thenify-all': [ '1.6.0' ],
34 silly audit   'tiny-invariant': [ '1.3.3' ],
34 silly audit   tinyglobby: [ '0.2.16' ],
34 silly audit   fdir: [ '6.5.0' ],
34 silly audit   'to-regex-range': [ '5.0.1' ],
34 silly audit   'trim-repeated': [ '1.0.0' ],
34 silly audit   'ts-interface-checker': [ '0.1.13' ],
34 silly audit   tslib: [ '2.8.1' ],
34 silly audit   universalify: [ '2.0.1' ],
34 silly audit   'update-browserslist-db': [ '1.2.3' ],
34 silly audit   'util-deprecate': [ '1.0.2' ],
34 silly audit   'victory-vendor': [ '36.9.2' ],
34 silly audit   vite: [ '6.4.2' ],
34 silly audit   yallist: [ '3.1.1' ],
34 silly audit   '@babel/plugin-transform-react-jsx': [ '7.28.6' ],
34 silly audit   '@babel/helper-annotate-as-pure': [ '7.27.3' ],
34 silly audit   '@babel/plugin-syntax-jsx': [ '7.28.6' ]
34 silly audit }
35 http cache @babel/plugin-syntax-jsx@https://registry.npmjs.org/@babel/plugin-syntax-jsx/-/plugin-syntax-jsx-7.28.6.tgz 0ms (cache hit)
36 http cache @babel/helper-annotate-as-pure@https://registry.npmjs.org/@babel/helper-annotate-as-pure/-/helper-annotate-as-pure-7.27.3.tgz 0ms (cache hit)
37 http cache @babel/plugin-transform-react-jsx@https://registry.npmjs.org/@babel/plugin-transform-react-jsx/-/plugin-transform-react-jsx-7.28.6.tgz 0ms (cache hit)
38 silly tarball no local data for @babel/plugin-syntax-jsx@https://registry.npmjs.org/@babel/plugin-syntax-jsx/-/plugin-syntax-jsx-7.28.6.tgz. Extracting by manifest.
39 silly tarball no local data for @babel/helper-annotate-as-pure@https://registry.npmjs.org/@babel/helper-annotate-as-pure/-/helper-annotate-as-pure-7.27.3.tgz. Extracting by manifest.
40 silly tarball no local data for @babel/plugin-transform-react-jsx@https://registry.npmjs.org/@babel/plugin-transform-react-jsx/-/plugin-transform-react-jsx-7.28.6.tgz. Extracting by manifest.
41 http fetch GET 200 https://registry.npmjs.org/@babel/plugin-syntax-jsx/-/plugin-syntax-jsx-7.28.6.tgz 70ms (cache miss)
42 http fetch GET 200 https://registry.npmjs.org/@babel/helper-annotate-as-pure/-/helper-annotate-as-pure-7.27.3.tgz 136ms (cache miss)
43 http fetch GET 200 https://registry.npmjs.org/@babel/plugin-transform-react-jsx/-/plugin-transform-react-jsx-7.28.6.tgz 141ms (cache miss)
44 http fetch POST 200 https://registry.npmjs.org/-/npm/v1/security/advisories/bulk 255ms
45 silly audit report {}
46 silly ADD node_modules/@babel/plugin-syntax-jsx
47 silly ADD node_modules/@babel/helper-annotate-as-pure
48 silly ADD node_modules/@babel/plugin-transform-react-jsx
49 verbose cwd C:\Users\Cliente\Desktop\nba-draft-portal
50 verbose os Windows_NT 10.0.26200
51 verbose node v24.15.0
52 verbose npm  v11.12.1
53 verbose exit 0
54 info ok
