0 verbose cli C:\Program Files\nodejs\node.exe C:\Program Files\nodejs\node_modules\npm\bin\npm-cli.js
1 info using npm@11.12.1
2 info using node@v24.15.0
3 silly config load:file:C:\Program Files\nodejs\node_modules\npm\npmrc
4 silly config load:file:C:\Users\Cliente\Desktop\nba-draft-portal\.npmrc
5 silly config load:file:C:\Users\Cliente\.npmrc
6 silly config load:file:C:\Users\Cliente\AppData\Roaming\npm\etc\npmrc
7 verbose title npm install framer-motion
8 verbose argv "install" "framer-motion" "--cache" ".\\.npm-cache"
9 verbose logfile logs-max:10 dir:C:\Users\Cliente\Desktop\nba-draft-portal\.npm-cache\_logs\2026-04-27T15_27_12_179Z-
10 verbose logfile C:\Users\Cliente\Desktop\nba-draft-portal\.npm-cache\_logs\2026-04-27T15_27_12_179Z-debug-0.log
11 silly logfile done cleaning log files
12 silly packumentCache heap:4496293888 maxSize:1124073472 maxEntrySize:562036736
13 silly idealTree buildDeps
14 silly fetch manifest framer-motion@*
15 silly packumentCache full:https://registry.npmjs.org/framer-motion cache-miss
16 http fetch GET 200 https://registry.npmjs.org/npm 251ms
17 http fetch GET 200 https://registry.npmjs.org/framer-motion 270ms (cache miss)
18 silly packumentCache full:https://registry.npmjs.org/framer-motion set size:undefined disposed:false
19 silly fetch manifest @emotion/is-prop-valid@*
20 silly packumentCache full:https://registry.npmjs.org/@emotion%2fis-prop-valid cache-miss
21 http fetch GET 200 https://registry.npmjs.org/@emotion%2fis-prop-valid 67ms (cache miss)
22 silly packumentCache full:https://registry.npmjs.org/@emotion%2fis-prop-valid set size:undefined disposed:false
23 silly fetch manifest react@^18.3.1
24 silly packumentCache full:https://registry.npmjs.org/react cache-miss
25 http fetch GET 200 https://registry.npmjs.org/react 192ms (cache miss)
26 silly packumentCache full:https://registry.npmjs.org/react set size:undefined disposed:false
27 silly fetch manifest react-dom@^18.3.1
28 silly packumentCache full:https://registry.npmjs.org/react-dom cache-miss
29 http fetch GET 200 https://registry.npmjs.org/react-dom 221ms (cache miss)
30 silly packumentCache full:https://registry.npmjs.org/react-dom set size:undefined disposed:false
31 silly placeDep ROOT framer-motion@12.38.0 OK for: nba-draft-portal@0.1.0 want: *
32 silly fetch manifest motion-dom@^12.38.0
33 silly packumentCache full:https://registry.npmjs.org/motion-dom cache-miss
34 silly fetch manifest motion-utils@^12.36.0
35 silly packumentCache full:https://registry.npmjs.org/motion-utils cache-miss
36 http fetch GET 200 https://registry.npmjs.org/motion-utils 47ms (cache miss)
37 silly packumentCache full:https://registry.npmjs.org/motion-utils set size:undefined disposed:false
38 http fetch GET 200 https://registry.npmjs.org/motion-dom 51ms (cache miss)
39 silly packumentCache full:https://registry.npmjs.org/motion-dom set size:undefined disposed:false
40 silly placeDep ROOT motion-dom@12.38.0 OK for: framer-motion@12.38.0 want: ^12.38.0
41 silly placeDep ROOT motion-utils@12.36.0 OK for: framer-motion@12.38.0 want: ^12.36.0
42 silly reify moves {}
43 silly audit bulk request {
43 silly audit   '@alloc/quick-lru': [ '5.2.0' ],
43 silly audit   '@babel/code-frame': [ '7.29.0' ],
43 silly audit   '@babel/compat-data': [ '7.29.0' ],
43 silly audit   '@babel/core': [ '7.29.0' ],
43 silly audit   '@babel/generator': [ '7.29.1' ],
43 silly audit   '@babel/helper-compilation-targets': [ '7.28.6' ],
43 silly audit   '@babel/helper-globals': [ '7.28.0' ],
43 silly audit   '@babel/helper-module-imports': [ '7.28.6' ],
43 silly audit   '@babel/helper-module-transforms': [ '7.28.6' ],
43 silly audit   '@babel/helper-plugin-utils': [ '7.28.6' ],
43 silly audit   '@babel/helper-string-parser': [ '7.27.1' ],
43 silly audit   '@babel/helper-validator-identifier': [ '7.28.5' ],
43 silly audit   '@babel/helper-validator-option': [ '7.27.1' ],
43 silly audit   '@babel/helpers': [ '7.29.2' ],
43 silly audit   '@babel/parser': [ '7.29.2' ],
43 silly audit   '@babel/plugin-transform-react-jsx-self': [ '7.27.1' ],
43 silly audit   '@babel/plugin-transform-react-jsx-source': [ '7.27.1' ],
43 silly audit   '@babel/template': [ '7.28.6' ],
43 silly audit   '@babel/traverse': [ '7.29.0' ],
43 silly audit   '@babel/types': [ '7.29.0' ],
43 silly audit   '@dnd-kit/accessibility': [ '3.1.1' ],
43 silly audit   '@dnd-kit/core': [ '6.3.1' ],
43 silly audit   '@dnd-kit/sortable': [ '10.0.0' ],
43 silly audit   '@dnd-kit/utilities': [ '3.2.2' ],
43 silly audit   '@esbuild/aix-ppc64': [ '0.25.12' ],
43 silly audit   '@esbuild/android-arm': [ '0.25.12' ],
43 silly audit   '@esbuild/android-arm64': [ '0.25.12' ],
43 silly audit   '@esbuild/android-x64': [ '0.25.12' ],
43 silly audit   '@esbuild/darwin-arm64': [ '0.25.12' ],
43 silly audit   '@esbuild/darwin-x64': [ '0.25.12' ],
43 silly audit   '@esbuild/freebsd-arm64': [ '0.25.12' ],
43 silly audit   '@esbuild/freebsd-x64': [ '0.25.12' ],
43 silly audit   '@esbuild/linux-arm': [ '0.25.12' ],
43 silly audit   '@esbuild/linux-arm64': [ '0.25.12' ],
43 silly audit   '@esbuild/linux-ia32': [ '0.25.12' ],
43 silly audit   '@esbuild/linux-loong64': [ '0.25.12' ],
43 silly audit   '@esbuild/linux-mips64el': [ '0.25.12' ],
43 silly audit   '@esbuild/linux-ppc64': [ '0.25.12' ],
43 silly audit   '@esbuild/linux-riscv64': [ '0.25.12' ],
43 silly audit   '@esbuild/linux-s390x': [ '0.25.12' ],
43 silly audit   '@esbuild/linux-x64': [ '0.25.12' ],
43 silly audit   '@esbuild/netbsd-arm64': [ '0.25.12' ],
43 silly audit   '@esbuild/netbsd-x64': [ '0.25.12' ],
43 silly audit   '@esbuild/openbsd-arm64': [ '0.25.12' ],
43 silly audit   '@esbuild/openbsd-x64': [ '0.25.12' ],
43 silly audit   '@esbuild/openharmony-arm64': [ '0.25.12' ],
43 silly audit   '@esbuild/sunos-x64': [ '0.25.12' ],
43 silly audit   '@esbuild/win32-arm64': [ '0.25.12' ],
43 silly audit   '@esbuild/win32-ia32': [ '0.25.12' ],
43 silly audit   '@esbuild/win32-x64': [ '0.25.12' ],
43 silly audit   '@jridgewell/gen-mapping': [ '0.3.13' ],
43 silly audit   '@jridgewell/remapping': [ '2.3.5' ],
43 silly audit   '@jridgewell/resolve-uri': [ '3.1.2' ],
43 silly audit   '@jridgewell/sourcemap-codec': [ '1.5.5' ],
43 silly audit   '@jridgewell/trace-mapping': [ '0.3.31' ],
43 silly audit   '@nodelib/fs.scandir': [ '2.1.5' ],
43 silly audit   '@nodelib/fs.stat': [ '2.0.5' ],
43 silly audit   '@nodelib/fs.walk': [ '1.2.8' ],
43 silly audit   '@rolldown/pluginutils': [ '1.0.0-beta.27' ],
43 silly audit   '@rollup/rollup-android-arm-eabi': [ '4.60.2' ],
43 silly audit   '@rollup/rollup-android-arm64': [ '4.60.2' ],
43 silly audit   '@rollup/rollup-darwin-arm64': [ '4.60.2' ],
43 silly audit   '@rollup/rollup-darwin-x64': [ '4.60.2' ],
43 silly audit   '@rollup/rollup-freebsd-arm64': [ '4.60.2' ],
43 silly audit   '@rollup/rollup-freebsd-x64': [ '4.60.2' ],
43 silly audit   '@rollup/rollup-linux-arm-gnueabihf': [ '4.60.2' ],
43 silly audit   '@rollup/rollup-linux-arm-musleabihf': [ '4.60.2' ],
43 silly audit   '@rollup/rollup-linux-arm64-gnu': [ '4.60.2' ],
43 silly audit   '@rollup/rollup-linux-arm64-musl': [ '4.60.2' ],
43 silly audit   '@rollup/rollup-linux-loong64-gnu': [ '4.60.2' ],
43 silly audit   '@rollup/rollup-linux-loong64-musl': [ '4.60.2' ],
43 silly audit   '@rollup/rollup-linux-ppc64-gnu': [ '4.60.2' ],
43 silly audit   '@rollup/rollup-linux-ppc64-musl': [ '4.60.2' ],
43 silly audit   '@rollup/rollup-linux-riscv64-gnu': [ '4.60.2' ],
43 silly audit   '@rollup/rollup-linux-riscv64-musl': [ '4.60.2' ],
43 silly audit   '@rollup/rollup-linux-s390x-gnu': [ '4.60.2' ],
43 silly audit   '@rollup/rollup-linux-x64-gnu': [ '4.60.2' ],
43 silly audit   '@rollup/rollup-linux-x64-musl': [ '4.60.2' ],
43 silly audit   '@rollup/rollup-openbsd-x64': [ '4.60.2' ],
43 silly audit   '@rollup/rollup-openharmony-arm64': [ '4.60.2' ],
43 silly audit   '@rollup/rollup-win32-arm64-msvc': [ '4.60.2' ],
43 silly audit   '@rollup/rollup-win32-ia32-msvc': [ '4.60.2' ],
43 silly audit   '@rollup/rollup-win32-x64-gnu': [ '4.60.2' ],
43 silly audit   '@rollup/rollup-win32-x64-msvc': [ '4.60.2' ],
43 silly audit   '@types/babel__core': [ '7.20.5' ],
43 silly audit   '@types/babel__generator': [ '7.27.0' ],
43 silly audit   '@types/babel__template': [ '7.4.4' ],
43 silly audit   '@types/babel__traverse': [ '7.28.0' ],
43 silly audit   '@types/estree': [ '1.0.8' ],
43 silly audit   '@vitejs/plugin-react': [ '4.7.0' ],
43 silly audit   'any-promise': [ '1.3.0' ],
43 silly audit   anymatch: [ '3.1.3' ],
43 silly audit   arg: [ '5.0.2' ],
43 silly audit   'array-union': [ '2.1.0' ],
43 silly audit   async: [ '3.2.6' ],
43 silly audit   autoprefixer: [ '10.5.0' ],
43 silly audit   'baseline-browser-mapping': [ '2.10.23' ],
43 silly audit   'binary-extensions': [ '2.3.0' ],
43 silly audit   braces: [ '3.0.3' ],
43 silly audit   browserslist: [ '4.28.2' ],
43 silly audit   'camelcase-css': [ '2.0.1' ],
43 silly audit   'caniuse-lite': [ '1.0.30001791' ],
43 silly audit   chokidar: [ '3.6.0' ],
43 silly audit   commander: [ '13.1.0', '4.1.1' ],
43 silly audit   commondir: [ '1.0.1' ],
43 silly audit   'convert-source-map': [ '2.0.0' ],
43 silly audit   cssesc: [ '3.0.0' ],
43 silly audit   debug: [ '4.4.3' ],
43 silly audit   didyoumean: [ '1.2.2' ],
43 silly audit   'dir-glob': [ '3.0.1' ],
43 silly audit   dlv: [ '1.1.3' ],
43 silly audit   'electron-to-chromium': [ '1.5.344' ],
43 silly audit   'email-addresses': [ '5.0.0' ],
43 silly audit   'es-errors': [ '1.3.0' ],
43 silly audit   esbuild: [ '0.25.12' ],
43 silly audit   escalade: [ '3.2.0' ],
43 silly audit   'escape-string-regexp': [ '1.0.5' ],
43 silly audit   'fast-glob': [ '3.3.3' ],
43 silly audit   fastq: [ '1.20.1' ],
43 silly audit   'filename-reserved-regex': [ '2.0.0' ],
43 silly audit   filenamify: [ '4.3.0' ],
43 silly audit   'fill-range': [ '7.1.1' ],
43 silly audit   'find-cache-dir': [ '3.3.2' ],
43 silly audit   'find-up': [ '4.1.0' ],
43 silly audit   'fraction.js': [ '5.3.4' ],
43 silly audit   'fs-extra': [ '11.3.4' ],
43 silly audit   fsevents: [ '2.3.3' ],
43 silly audit   'function-bind': [ '1.1.2' ],
43 silly audit   gensync: [ '1.0.0-beta.2' ],
43 silly audit   'gh-pages': [ '6.3.0' ],
43 silly audit   'glob-parent': [ '5.1.2', '6.0.2' ],
43 silly audit   globby: [ '11.1.0' ],
43 silly audit   'graceful-fs': [ '4.2.11' ],
43 silly audit   hasown: [ '2.0.3' ],
43 silly audit   ignore: [ '5.3.2' ],
43 silly audit   'is-binary-path': [ '2.1.0' ],
43 silly audit   'is-core-module': [ '2.16.1' ],
43 silly audit   'is-extglob': [ '2.1.1' ],
43 silly audit   'is-glob': [ '4.0.3' ],
43 silly audit   'is-number': [ '7.0.0' ],
43 silly audit   jiti: [ '1.21.7' ],
43 silly audit   'js-tokens': [ '4.0.0' ],
43 silly audit   jsesc: [ '3.1.0' ],
43 silly audit   json5: [ '2.2.3' ],
43 silly audit   jsonfile: [ '6.2.1' ],
43 silly audit   lilconfig: [ '3.1.3' ],
43 silly audit   'lines-and-columns': [ '1.2.4' ],
43 silly audit   'locate-path': [ '5.0.0' ],
43 silly audit   'loose-envify': [ '1.4.0' ],
43 silly audit   'lru-cache': [ '5.1.1' ],
43 silly audit   'lucide-react': [ '1.11.0' ],
43 silly audit   'make-dir': [ '3.1.0' ],
43 silly audit   merge2: [ '1.4.1' ],
43 silly audit   micromatch: [ '4.0.8' ],
43 silly audit   ms: [ '2.1.3' ],
43 silly audit   mz: [ '2.7.0' ],
43 silly audit   nanoid: [ '3.3.11' ],
43 silly audit   'node-releases': [ '2.0.38' ],
43 silly audit   'normalize-path': [ '3.0.0' ],
43 silly audit   'object-assign': [ '4.1.1' ],
43 silly audit   'object-hash': [ '3.0.0' ],
43 silly audit   'p-limit': [ '2.3.0' ],
43 silly audit   'p-locate': [ '4.1.0' ],
43 silly audit   'p-try': [ '2.2.0' ],
43 silly audit   'path-exists': [ '4.0.0' ],
43 silly audit   'path-parse': [ '1.0.7' ],
43 silly audit   'path-type': [ '4.0.0' ],
43 silly audit   picocolors: [ '1.1.1' ],
43 silly audit   picomatch: [ '2.3.2', '4.0.4' ],
43 silly audit   pify: [ '2.3.0' ],
43 silly audit   pirates: [ '4.0.7' ],
43 silly audit   'pkg-dir': [ '4.2.0' ],
43 silly audit   postcss: [ '8.5.12' ],
43 silly audit   'postcss-import': [ '15.1.0' ],
43 silly audit   'postcss-js': [ '4.1.0' ],
43 silly audit   'postcss-load-config': [ '6.0.1' ],
43 silly audit   'postcss-nested': [ '6.2.0' ],
43 silly audit   'postcss-selector-parser': [ '6.1.2' ],
43 silly audit   'postcss-value-parser': [ '4.2.0' ],
43 silly audit   'queue-microtask': [ '1.2.3' ],
43 silly audit   react: [ '18.3.1' ],
43 silly audit   'react-dom': [ '18.3.1' ],
43 silly audit   'react-refresh': [ '0.17.0' ],
43 silly audit   'read-cache': [ '1.0.0' ],
43 silly audit   readdirp: [ '3.6.0' ],
43 silly audit   resolve: [ '1.22.12' ],
43 silly audit   reusify: [ '1.1.0' ],
43 silly audit   rollup: [ '4.60.2' ],
43 silly audit   'run-parallel': [ '1.2.0' ],
43 silly audit   scheduler: [ '0.23.2' ],
43 silly audit   semver: [ '6.3.1' ],
43 silly audit   slash: [ '3.0.0' ],
43 silly audit   'source-map-js': [ '1.2.1' ],
43 silly audit   'strip-outer': [ '1.0.1' ],
43 silly audit   sucrase: [ '3.35.1' ],
43 silly audit   'supports-preserve-symlinks-flag': [ '1.0.0' ],
43 silly audit   tailwindcss: [ '3.4.19' ],
43 silly audit   thenify: [ '3.3.1' ],
43 silly audit   'thenify-all': [ '1.6.0' ],
43 silly audit   tinyglobby: [ '0.2.16' ],
43 silly audit   fdir: [ '6.5.0' ],
43 silly audit   'to-regex-range': [ '5.0.1' ],
43 silly audit   'trim-repeated': [ '1.0.0' ],
43 silly audit   'ts-interface-checker': [ '0.1.13' ],
43 silly audit   tslib: [ '2.8.1' ],
43 silly audit   universalify: [ '2.0.1' ],
43 silly audit   'update-browserslist-db': [ '1.2.3' ],
43 silly audit   'util-deprecate': [ '1.0.2' ],
43 silly audit   vite: [ '6.4.2' ],
43 silly audit   yallist: [ '3.1.1' ],
43 silly audit   'framer-motion': [ '12.38.0' ],
43 silly audit   'motion-dom': [ '12.38.0' ],
43 silly audit   'motion-utils': [ '12.36.0' ]
43 silly audit }
44 http cache motion-utils@https://registry.npmjs.org/motion-utils/-/motion-utils-12.36.0.tgz 0ms (cache hit)
45 silly tarball no local data for motion-utils@https://registry.npmjs.org/motion-utils/-/motion-utils-12.36.0.tgz. Extracting by manifest.
46 http cache framer-motion@https://registry.npmjs.org/framer-motion/-/framer-motion-12.38.0.tgz 0ms (cache hit)
47 http cache motion-dom@https://registry.npmjs.org/motion-dom/-/motion-dom-12.38.0.tgz 0ms (cache hit)
48 silly tarball no local data for framer-motion@https://registry.npmjs.org/framer-motion/-/framer-motion-12.38.0.tgz. Extracting by manifest.
49 silly tarball no local data for motion-dom@https://registry.npmjs.org/motion-dom/-/motion-dom-12.38.0.tgz. Extracting by manifest.
50 http fetch GET 200 https://registry.npmjs.org/motion-utils/-/motion-utils-12.36.0.tgz 178ms (cache miss)
51 http fetch POST 200 https://registry.npmjs.org/-/npm/v1/security/advisories/bulk 308ms
52 silly audit report {}
53 http fetch GET 200 https://registry.npmjs.org/framer-motion/-/framer-motion-12.38.0.tgz 1056ms (cache miss)
54 http fetch GET 200 https://registry.npmjs.org/motion-dom/-/motion-dom-12.38.0.tgz 1231ms (cache miss)
55 silly ADD node_modules/motion-utils
56 silly ADD node_modules/motion-dom
57 silly ADD node_modules/framer-motion
58 verbose cwd C:\Users\Cliente\Desktop\nba-draft-portal
59 verbose os Windows_NT 10.0.26200
60 verbose node v24.15.0
61 verbose npm  v11.12.1
62 notice
62 notice New minor version of npm available! 11.12.1 -> 11.13.0
62 notice Changelog: https://github.com/npm/cli/releases/tag/v11.13.0
62 notice To update run: npm install -g npm@11.13.0
62 notice  { force: true, Symbol(proc-log.meta): true }
63 verbose exit 0
64 info ok
